2023-07-15 10:39:10,144 [INFO] com.fbs.checkin.CheckinMsApplication [restartedMain] Starting CheckinMsApplication using Java 17.0.7 with PID 13496 (D:\Project\Projects-23\flight booking system\backend\checkin-ms\target\classes started by hp in D:\Project\Projects-23\flight booking system\backend\checkin-ms)
2023-07-15 10:39:10,312 [INFO] com.fbs.checkin.CheckinMsApplication [restartedMain] No active profile set, falling back to 1 default profile: "default"
2023-07-15 10:39:11,065 [INFO] org.springframework.boot.devtools.env.DevToolsPropertyDefaultsPostProcessor [restartedMain] Devtools property defaults active! Set 'spring.devtools.add-properties' to 'false' to disable
2023-07-15 10:39:11,066 [INFO] org.springframework.boot.devtools.env.DevToolsPropertyDefaultsPostProcessor [restartedMain] For additional web related logging consider setting the 'logging.level.web' property to 'DEBUG'
2023-07-15 10:39:18,626 [INFO] org.springframework.data.repository.config.RepositoryConfigurationDelegate [restartedMain] Bootstrapping Spring Data MongoDB repositories in DEFAULT mode.
2023-07-15 10:39:19,572 [INFO] org.springframework.data.repository.config.RepositoryConfigurationDelegate [restartedMain] Finished Spring Data repository scanning in 872 ms. Found 1 MongoDB repository interfaces.
2023-07-15 10:39:22,038 [INFO] org.springframework.cloud.context.scope.GenericScope [restartedMain] BeanFactory id=6434257a-e347-3a69-a3b9-31a92923e626
2023-07-15 10:39:22,610 [INFO] org.springframework.context.support.PostProcessorRegistrationDelegate$BeanPostProcessorChecker [restartedMain] Bean 'com.fbs.checkin.proxy.AuthProxy' of type [org.springframework.cloud.openfeign.FeignClientFactoryBean] is not eligible for getting processed by all BeanPostProcessors (for example: not eligible for auto-proxying)
2023-07-15 10:39:29,908 [INFO] org.springframework.boot.web.embedded.tomcat.TomcatWebServer [restartedMain] Tomcat initialized with port(s): 9094 (http)
2023-07-15 10:39:29,940 [INFO] org.apache.catalina.core.StandardService [restartedMain] Starting service [Tomcat]
2023-07-15 10:39:29,942 [INFO] org.apache.catalina.core.StandardEngine [restartedMain] Starting Servlet engine: [Apache Tomcat/10.1.8]
2023-07-15 10:39:31,125 [INFO] org.apache.catalina.core.ContainerBase.[Tomcat].[localhost].[/] [restartedMain] Initializing Spring embedded WebApplicationContext
2023-07-15 10:39:31,126 [INFO] org.springframework.boot.web.servlet.context.ServletWebServerApplicationContext [restartedMain] Root WebApplicationContext: initialization completed in 20009 ms
2023-07-15 10:39:42,959 [INFO] org.mongodb.driver.client [restartedMain] MongoClient with metadata {"driver": {"name": "mongo-java-driver|sync|spring-boot", "version": "4.9.1"}, "os": {"type": "Windows", "name": "Windows 11", "architecture": "amd64", "version": "10.0"}, "platform": "Java/Eclipse Adoptium/17.0.7+7"} created with settings MongoClientSettings{readPreference=primary, writeConcern=WriteConcern{w=null, wTimeout=null ms, journal=null}, retryWrites=true, retryReads=true, readConcern=ReadConcern{level=null}, credential=null, streamFactoryFactory=null, commandListeners=[], codecRegistry=ProvidersCodecRegistry{codecProviders=[ValueCodecProvider{}, BsonValueCodecProvider{}, DBRefCodecProvider{}, DBObjectCodecProvider{}, DocumentCodecProvider{}, CollectionCodecProvider{}, IterableCodecProvider{}, MapCodecProvider{}, GeoJsonCodecProvider{}, GridFSFileCodecProvider{}, Jsr310CodecProvider{}, JsonObjectCodecProvider{}, BsonCodecProvider{}, EnumCodecProvider{}, com.mongodb.client.model.mql.ExpressionCodecProvider@2c4a6040, com.mongodb.Jep395RecordCodecProvider@43339933]}, loggerSettings=LoggerSettings{maxDocumentLength=1000}, clusterSettings={hosts=[localhost:27017], srvServiceName=mongodb, mode=SINGLE, requiredClusterType=UNKNOWN, requiredReplicaSetName='null', serverSelector='null', clusterListeners='[]', serverSelectionTimeout='30000 ms', localThreshold='30000 ms'}, socketSettings=SocketSettings{connectTimeoutMS=10000, readTimeoutMS=0, receiveBufferSize=0, sendBufferSize=0}, heartbeatSocketSettings=SocketSettings{connectTimeoutMS=10000, readTimeoutMS=10000, receiveBufferSize=0, sendBufferSize=0}, connectionPoolSettings=ConnectionPoolSettings{maxSize=100, minSize=0, maxWaitTimeMS=120000, maxConnectionLifeTimeMS=0, maxConnectionIdleTimeMS=0, maintenanceInitialDelayMS=0, maintenanceFrequencyMS=60000, connectionPoolListeners=[], maxConnecting=2}, serverSettings=ServerSettings{heartbeatFrequencyMS=10000, minHeartbeatFrequencyMS=500, serverListeners='[]', serverMonitorListeners='[]'}, sslSettings=SslSettings{enabled=false, invalidHostNameAllowed=false, context=null}, applicationName='null', compressorList=[], uuidRepresentation=JAVA_LEGACY, serverApi=null, autoEncryptionSettings=null, contextProvider=null}
2023-07-15 10:39:43,133 [INFO] org.mongodb.driver.cluster [cluster-ClusterId{value='64b22a16fbb0b26793fb385f', description='null'}-localhost:27017] Monitor thread successfully connected to server with description ServerDescription{address=localhost:27017, type=STANDALONE, state=CONNECTED, ok=true, minWireVersion=0, maxWireVersion=17, maxDocumentSize=16777216, logicalSessionTimeoutMinutes=30, roundTripTimeNanos=229674700}
2023-07-15 10:39:43,833 [WARN] org.springframework.boot.devtools.autoconfigure.OptionalLiveReloadServer [restartedMain] Unable to start LiveReload server
2023-07-15 10:39:50,824 [INFO] org.springframework.boot.web.embedded.tomcat.TomcatWebServer [restartedMain] Tomcat started on port(s): 9094 (http) with context path ''
2023-07-15 10:39:52,985 [INFO] com.fbs.checkin.CheckinMsApplication [restartedMain] Started CheckinMsApplication in 51.329 seconds (process running for 58.053)
2023-07-15 11:00:45,006 [INFO] org.apache.catalina.core.ContainerBase.[Tomcat].[localhost].[/] [http-nio-9094-exec-2] Initializing Spring DispatcherServlet 'dispatcherServlet'
2023-07-15 11:00:45,136 [INFO] org.springframework.web.servlet.DispatcherServlet [http-nio-9094-exec-2] Initializing Servlet 'dispatcherServlet'
2023-07-15 11:00:45,279 [INFO] org.springframework.web.servlet.DispatcherServlet [http-nio-9094-exec-2] Completed initialization in 142 ms
2023-07-15 19:07:06,919 [INFO] org.springframework.boot.admin.SpringApplicationAdminMXBeanRegistrar$SpringApplicationAdmin [RMI TCP Connection(251)-127.0.0.1] Application shutdown requested.
2023-07-15 19:07:07,123 [INFO] org.apache.catalina.core.StandardService [RMI TCP Connection(251)-127.0.0.1] Stopping service [Tomcat]
2023-07-15 19:07:07,140 [INFO] org.apache.catalina.core.ContainerBase.[Tomcat].[localhost].[/] [RMI TCP Connection(251)-127.0.0.1] Destroying Spring FrameworkServlet 'dispatcherServlet'
