2023-08-02 11:43:53,008 [INFO] com.fbs.fare.FareMsApplication [restartedMain] Starting FareMsApplication using Java 17.0.7 with PID 17244 (D:\Project\Projects-23\flight booking system\backend\fare-ms\target\classes started by hp in D:\Project\Projects-23\flight booking system\backend\fare-ms)
2023-08-02 11:43:53,018 [INFO] com.fbs.fare.FareMsApplication [restartedMain] No active profile set, falling back to 1 default profile: "default"
2023-08-02 11:43:53,202 [INFO] org.springframework.boot.devtools.env.DevToolsPropertyDefaultsPostProcessor [restartedMain] Devtools property defaults active! Set 'spring.devtools.add-properties' to 'false' to disable
2023-08-02 11:43:53,203 [INFO] org.springframework.boot.devtools.env.DevToolsPropertyDefaultsPostProcessor [restartedMain] For additional web related logging consider setting the 'logging.level.web' property to 'DEBUG'
2023-08-02 11:43:54,973 [INFO] org.springframework.data.repository.config.RepositoryConfigurationDelegate [restartedMain] Bootstrapping Spring Data MongoDB repositories in DEFAULT mode.
2023-08-02 11:43:55,111 [INFO] org.springframework.data.repository.config.RepositoryConfigurationDelegate [restartedMain] Finished Spring Data repository scanning in 125 ms. Found 2 MongoDB repository interfaces.
2023-08-02 11:43:56,351 [INFO] org.springframework.boot.web.embedded.tomcat.TomcatWebServer [restartedMain] Tomcat initialized with port(s): 9093 (http)
2023-08-02 11:43:56,376 [INFO] org.apache.catalina.core.StandardService [restartedMain] Starting service [Tomcat]
2023-08-02 11:43:56,377 [INFO] org.apache.catalina.core.StandardEngine [restartedMain] Starting Servlet engine: [Apache Tomcat/10.1.8]
2023-08-02 11:43:56,691 [INFO] org.apache.catalina.core.ContainerBase.[Tomcat].[localhost].[/] [restartedMain] Initializing Spring embedded WebApplicationContext
2023-08-02 11:43:56,693 [INFO] org.springframework.boot.web.servlet.context.ServletWebServerApplicationContext [restartedMain] Root WebApplicationContext: initialization completed in 3475 ms
2023-08-02 11:44:02,707 [INFO] org.mongodb.driver.client [restartedMain] MongoClient with metadata {"driver": {"name": "mongo-java-driver|sync|spring-boot", "version": "4.9.1"}, "os": {"type": "Windows", "name": "Windows 11", "architecture": "amd64", "version": "10.0"}, "platform": "Java/Eclipse Adoptium/17.0.7+7"} created with settings MongoClientSettings{readPreference=primary, writeConcern=WriteConcern{w=null, wTimeout=null ms, journal=null}, retryWrites=true, retryReads=true, readConcern=ReadConcern{level=null}, credential=null, streamFactoryFactory=null, commandListeners=[], codecRegistry=ProvidersCodecRegistry{codecProviders=[ValueCodecProvider{}, BsonValueCodecProvider{}, DBRefCodecProvider{}, DBObjectCodecProvider{}, DocumentCodecProvider{}, CollectionCodecProvider{}, IterableCodecProvider{}, MapCodecProvider{}, GeoJsonCodecProvider{}, GridFSFileCodecProvider{}, Jsr310CodecProvider{}, JsonObjectCodecProvider{}, BsonCodecProvider{}, EnumCodecProvider{}, com.mongodb.client.model.mql.ExpressionCodecProvider@2a547bd2, com.mongodb.Jep395RecordCodecProvider@6d46eaff]}, loggerSettings=LoggerSettings{maxDocumentLength=1000}, clusterSettings={hosts=[localhost:27017], srvServiceName=mongodb, mode=SINGLE, requiredClusterType=UNKNOWN, requiredReplicaSetName='null', serverSelector='null', clusterListeners='[]', serverSelectionTimeout='30000 ms', localThreshold='30000 ms'}, socketSettings=SocketSettings{connectTimeoutMS=10000, readTimeoutMS=0, receiveBufferSize=0, sendBufferSize=0}, heartbeatSocketSettings=SocketSettings{connectTimeoutMS=10000, readTimeoutMS=10000, receiveBufferSize=0, sendBufferSize=0}, connectionPoolSettings=ConnectionPoolSettings{maxSize=100, minSize=0, maxWaitTimeMS=120000, maxConnectionLifeTimeMS=0, maxConnectionIdleTimeMS=0, maintenanceInitialDelayMS=0, maintenanceFrequencyMS=60000, connectionPoolListeners=[], maxConnecting=2}, serverSettings=ServerSettings{heartbeatFrequencyMS=10000, minHeartbeatFrequencyMS=500, serverListeners='[]', serverMonitorListeners='[]'}, sslSettings=SslSettings{enabled=false, invalidHostNameAllowed=false, context=null}, applicationName='null', compressorList=[], uuidRepresentation=JAVA_LEGACY, serverApi=null, autoEncryptionSettings=null, contextProvider=null}
2023-08-02 11:44:03,079 [INFO] org.mongodb.driver.cluster [cluster-ClusterId{value='64c9f4257150fb404aaa7194', description='null'}-localhost:27017] Monitor thread successfully connected to server with description ServerDescription{address=localhost:27017, type=STANDALONE, state=CONNECTED, ok=true, minWireVersion=0, maxWireVersion=17, maxDocumentSize=16777216, logicalSessionTimeoutMinutes=30, roundTripTimeNanos=357353200}
2023-08-02 11:44:04,219 [INFO] org.springframework.boot.devtools.autoconfigure.OptionalLiveReloadServer [restartedMain] LiveReload server is running on port 35729
2023-08-02 11:44:09,295 [INFO] org.springframework.boot.web.embedded.tomcat.TomcatWebServer [restartedMain] Tomcat started on port(s): 9093 (http) with context path ''
2023-08-02 11:44:09,365 [INFO] com.fbs.fare.FareMsApplication [restartedMain] Started FareMsApplication in 17.651 seconds (process running for 22.589)
2023-08-02 11:51:16,728 [INFO] org.apache.catalina.core.ContainerBase.[Tomcat].[localhost].[/] [http-nio-9093-exec-2] Initializing Spring DispatcherServlet 'dispatcherServlet'
2023-08-02 11:51:16,871 [INFO] org.springframework.web.servlet.DispatcherServlet [http-nio-9093-exec-2] Initializing Servlet 'dispatcherServlet'
2023-08-02 11:51:17,000 [INFO] org.springframework.web.servlet.DispatcherServlet [http-nio-9093-exec-2] Completed initialization in 129 ms
2023-08-02 19:01:28,935 [INFO] org.springframework.boot.admin.SpringApplicationAdminMXBeanRegistrar$SpringApplicationAdmin [RMI TCP Connection(401)-127.0.0.1] Application shutdown requested.
2023-08-02 19:01:29,386 [INFO] org.apache.catalina.core.StandardService [RMI TCP Connection(401)-127.0.0.1] Stopping service [Tomcat]
2023-08-02 19:01:29,409 [INFO] org.apache.catalina.core.ContainerBase.[Tomcat].[localhost].[/] [RMI TCP Connection(401)-127.0.0.1] Destroying Spring FrameworkServlet 'dispatcherServlet'
