2023-07-28 10:52:43,957 [INFO] com.fbs.auth.AuthMsApplication [restartedMain] Starting AuthMsApplication using Java 17.0.7 with PID 19708 (D:\Project\Projects-23\flight booking system\backend\auth-ms\target\classes started by hp in D:\Project\Projects-23\flight booking system\backend\auth-ms)
2023-07-28 10:52:44,009 [INFO] com.fbs.auth.AuthMsApplication [restartedMain] No active profile set, falling back to 1 default profile: "default"
2023-07-28 10:52:44,119 [INFO] org.springframework.boot.devtools.env.DevToolsPropertyDefaultsPostProcessor [restartedMain] Devtools property defaults active! Set 'spring.devtools.add-properties' to 'false' to disable
2023-07-28 10:52:44,120 [INFO] org.springframework.boot.devtools.env.DevToolsPropertyDefaultsPostProcessor [restartedMain] For additional web related logging consider setting the 'logging.level.web' property to 'DEBUG'
2023-07-28 10:52:46,039 [INFO] org.springframework.data.repository.config.RepositoryConfigurationDelegate [restartedMain] Bootstrapping Spring Data MongoDB repositories in DEFAULT mode.
2023-07-28 10:52:46,175 [INFO] org.springframework.data.repository.config.RepositoryConfigurationDelegate [restartedMain] Finished Spring Data repository scanning in 126 ms. Found 1 MongoDB repository interfaces.
2023-07-28 10:52:46,632 [INFO] org.springframework.cloud.context.scope.GenericScope [restartedMain] BeanFactory id=c4f3a287-cbd7-3b03-8013-1c21edf48105
2023-07-28 10:52:47,835 [INFO] org.springframework.boot.web.embedded.tomcat.TomcatWebServer [restartedMain] Tomcat initialized with port(s): 9098 (http)
2023-07-28 10:52:47,850 [INFO] org.apache.catalina.core.StandardService [restartedMain] Starting service [Tomcat]
2023-07-28 10:52:47,851 [INFO] org.apache.catalina.core.StandardEngine [restartedMain] Starting Servlet engine: [Apache Tomcat/10.1.8]
2023-07-28 10:52:47,964 [INFO] org.apache.catalina.core.ContainerBase.[Tomcat].[localhost].[/] [restartedMain] Initializing Spring embedded WebApplicationContext
2023-07-28 10:52:47,965 [INFO] org.springframework.boot.web.servlet.context.ServletWebServerApplicationContext [restartedMain] Root WebApplicationContext: initialization completed in 3818 ms
2023-07-28 10:52:48,200 [INFO] org.mongodb.driver.client [restartedMain] MongoClient with metadata {"driver": {"name": "mongo-java-driver|sync|spring-boot", "version": "4.9.1"}, "os": {"type": "Windows", "name": "Windows 11", "architecture": "amd64", "version": "10.0"}, "platform": "Java/Eclipse Adoptium/17.0.7+7"} created with settings MongoClientSettings{readPreference=primary, writeConcern=WriteConcern{w=null, wTimeout=null ms, journal=null}, retryWrites=true, retryReads=true, readConcern=ReadConcern{level=null}, credential=null, streamFactoryFactory=null, commandListeners=[], codecRegistry=ProvidersCodecRegistry{codecProviders=[ValueCodecProvider{}, BsonValueCodecProvider{}, DBRefCodecProvider{}, DBObjectCodecProvider{}, DocumentCodecProvider{}, CollectionCodecProvider{}, IterableCodecProvider{}, MapCodecProvider{}, GeoJsonCodecProvider{}, GridFSFileCodecProvider{}, Jsr310CodecProvider{}, JsonObjectCodecProvider{}, BsonCodecProvider{}, EnumCodecProvider{}, com.mongodb.client.model.mql.ExpressionCodecProvider@3551cd5, com.mongodb.Jep395RecordCodecProvider@434e869f]}, loggerSettings=LoggerSettings{maxDocumentLength=1000}, clusterSettings={hosts=[localhost:27017], srvServiceName=mongodb, mode=SINGLE, requiredClusterType=UNKNOWN, requiredReplicaSetName='null', serverSelector='null', clusterListeners='[]', serverSelectionTimeout='30000 ms', localThreshold='30000 ms'}, socketSettings=SocketSettings{connectTimeoutMS=10000, readTimeoutMS=0, receiveBufferSize=0, sendBufferSize=0}, heartbeatSocketSettings=SocketSettings{connectTimeoutMS=10000, readTimeoutMS=10000, receiveBufferSize=0, sendBufferSize=0}, connectionPoolSettings=ConnectionPoolSettings{maxSize=100, minSize=0, maxWaitTimeMS=120000, maxConnectionLifeTimeMS=0, maxConnectionIdleTimeMS=0, maintenanceInitialDelayMS=0, maintenanceFrequencyMS=60000, connectionPoolListeners=[], maxConnecting=2}, serverSettings=ServerSettings{heartbeatFrequencyMS=10000, minHeartbeatFrequencyMS=500, serverListeners='[]', serverMonitorListeners='[]'}, sslSettings=SslSettings{enabled=false, invalidHostNameAllowed=false, context=null}, applicationName='null', compressorList=[], uuidRepresentation=JAVA_LEGACY, serverApi=null, autoEncryptionSettings=null, contextProvider=null}
2023-07-28 10:52:48,215 [INFO] org.mongodb.driver.cluster [cluster-ClusterId{value='64c350a8b2d92e29515a188b', description='null'}-localhost:27017] Monitor thread successfully connected to server with description ServerDescription{address=localhost:27017, type=STANDALONE, state=CONNECTED, ok=true, minWireVersion=0, maxWireVersion=17, maxDocumentSize=16777216, logicalSessionTimeoutMinutes=30, roundTripTimeNanos=31015700}
2023-07-28 10:52:48,876 [WARN] org.springframework.boot.devtools.autoconfigure.OptionalLiveReloadServer [restartedMain] Unable to start LiveReload server
2023-07-28 10:52:50,656 [INFO] org.springframework.security.web.DefaultSecurityFilterChain [restartedMain] Will secure any request with [org.springframework.security.web.session.DisableEncodeUrlFilter@1c77d50f, org.springframework.security.web.context.request.async.WebAsyncManagerIntegrationFilter@56292c55, org.springframework.security.web.context.SecurityContextHolderFilter@749034eb, org.springframework.security.web.header.HeaderWriterFilter@610949c0, org.springframework.security.web.authentication.logout.LogoutFilter@4fee5c5d, com.fbs.auth.jwt.AuthTokenFilter@6f818660, org.springframework.security.web.savedrequest.RequestCacheAwareFilter@35df8885, org.springframework.security.web.servletapi.SecurityContextHolderAwareRequestFilter@2c7113c9, org.springframework.security.web.authentication.AnonymousAuthenticationFilter@58f4537d, org.springframework.security.web.session.SessionManagementFilter@4b63bb97, org.springframework.security.web.access.ExceptionTranslationFilter@4cd19e10, org.springframework.security.web.access.intercept.AuthorizationFilter@43e12eaa]
2023-07-28 10:52:52,693 [INFO] org.springframework.cloud.commons.util.InetUtils [restartedMain] Cannot determine local hostname
2023-07-28 10:52:52,829 [INFO] org.springframework.boot.web.embedded.tomcat.TomcatWebServer [restartedMain] Tomcat started on port(s): 9098 (http) with context path ''
2023-07-28 10:52:54,363 [INFO] org.springframework.cloud.commons.util.InetUtils [restartedMain] Cannot determine local hostname
2023-07-28 10:52:54,388 [INFO] com.fbs.auth.AuthMsApplication [restartedMain] Started AuthMsApplication in 13.855 seconds (process running for 16.325)
2023-07-28 10:53:47,226 [INFO] org.apache.catalina.core.ContainerBase.[Tomcat].[localhost].[/] [http-nio-9098-exec-1] Initializing Spring DispatcherServlet 'dispatcherServlet'
2023-07-28 10:53:47,227 [INFO] org.springframework.web.servlet.DispatcherServlet [http-nio-9098-exec-1] Initializing Servlet 'dispatcherServlet'
2023-07-28 10:53:47,229 [INFO] org.springframework.web.servlet.DispatcherServlet [http-nio-9098-exec-1] Completed initialization in 2 ms
2023-07-28 10:53:47,258 [INFO] com.fbs.auth.jwt.AuthTokenFilter [http-nio-9098-exec-1] ====================jwt:null======================
2023-07-28 10:53:47,339 [INFO] com.fbs.auth.jwt.AuthTokenFilter [http-nio-9098-exec-2] ====================jwt:null======================
2023-07-28 10:53:49,286 [INFO] com.fbs.auth.controller.AuthController [http-nio-9098-exec-2] ========== jwt cookielogin=eyJhbGciOiJIUzUxMiJ9.eyJzdWIiOiJhZGFyc2hhbjEyMjNAZ21haWwuY29tIiwiaWF0IjoxNjkwNTIxODI4LCJleHAiOjE2OTA2MDgyMjh9.zTO2QyhZbz7oP9XXFObX280JyxUM22HG3Sp9woLqkC_P9qyKJMe3KZXQi8XQPjLUh7l_14wiiNtjAXQFQBvscw; Path=/api; Max-Age=86400; Expires=Sat, 29 Jul 2023 05:23:49 GMT; HttpOnly; SameSite=http://localhost:3000===========
2023-07-28 11:13:11,108 [INFO] com.fbs.auth.jwt.AuthTokenFilter [http-nio-9098-exec-5] ====================jwt:eyJhbGciOiJIUzUxMiJ9.eyJzdWIiOiJhZGFyc2hhbjEyMjNAZ21haWwuY29tIiwiaWF0IjoxNjkwNTIxODI4LCJleHAiOjE2OTA2MDgyMjh9.zTO2QyhZbz7oP9XXFObX280JyxUM22HG3Sp9woLqkC_P9qyKJMe3KZXQi8XQPjLUh7l_14wiiNtjAXQFQBvscw======================
2023-07-28 11:13:19,713 [INFO] com.fbs.auth.jwt.AuthTokenFilter [http-nio-9098-exec-6] ====================jwt:eyJhbGciOiJIUzUxMiJ9.eyJzdWIiOiJhZGFyc2hhbjEyMjNAZ21haWwuY29tIiwiaWF0IjoxNjkwNTIxODI4LCJleHAiOjE2OTA2MDgyMjh9.zTO2QyhZbz7oP9XXFObX280JyxUM22HG3Sp9woLqkC_P9qyKJMe3KZXQi8XQPjLUh7l_14wiiNtjAXQFQBvscw======================
2023-07-28 11:13:38,335 [INFO] com.fbs.auth.jwt.AuthTokenFilter [http-nio-9098-exec-7] ====================jwt:eyJhbGciOiJIUzUxMiJ9.eyJzdWIiOiJhZGFyc2hhbjEyMjNAZ21haWwuY29tIiwiaWF0IjoxNjkwNTIxODI4LCJleHAiOjE2OTA2MDgyMjh9.zTO2QyhZbz7oP9XXFObX280JyxUM22HG3Sp9woLqkC_P9qyKJMe3KZXQi8XQPjLUh7l_14wiiNtjAXQFQBvscw======================
2023-07-28 11:16:13,904 [INFO] com.fbs.auth.jwt.AuthTokenFilter [http-nio-9098-exec-9] ====================jwt:eyJhbGciOiJIUzUxMiJ9.eyJzdWIiOiJhZGFyc2hhbjEyMjNAZ21haWwuY29tIiwiaWF0IjoxNjkwNTIxODI4LCJleHAiOjE2OTA2MDgyMjh9.zTO2QyhZbz7oP9XXFObX280JyxUM22HG3Sp9woLqkC_P9qyKJMe3KZXQi8XQPjLUh7l_14wiiNtjAXQFQBvscw======================
2023-07-28 11:16:13,943 [INFO] com.fbs.auth.jwt.AuthTokenFilter [http-nio-9098-exec-1] ====================jwt:eyJhbGciOiJIUzUxMiJ9.eyJzdWIiOiJhZGFyc2hhbjEyMjNAZ21haWwuY29tIiwiaWF0IjoxNjkwNTIxODI4LCJleHAiOjE2OTA2MDgyMjh9.zTO2QyhZbz7oP9XXFObX280JyxUM22HG3Sp9woLqkC_P9qyKJMe3KZXQi8XQPjLUh7l_14wiiNtjAXQFQBvscw======================
2023-07-28 11:18:39,797 [INFO] org.springframework.boot.admin.SpringApplicationAdminMXBeanRegistrar$SpringApplicationAdmin [RMI TCP Connection(25)-127.0.0.1] Application shutdown requested.
2023-07-28 11:18:39,864 [INFO] org.apache.catalina.core.StandardService [RMI TCP Connection(25)-127.0.0.1] Stopping service [Tomcat]
2023-07-28 11:18:39,867 [INFO] org.apache.catalina.core.ContainerBase.[Tomcat].[localhost].[/] [RMI TCP Connection(25)-127.0.0.1] Destroying Spring FrameworkServlet 'dispatcherServlet'
2023-07-28 11:18:39,940 [WARN] org.apache.catalina.loader.WebappClassLoaderBase [RMI TCP Connection(25)-127.0.0.1] The web application [ROOT] appears to have started a thread named [BufferPoolPruner-1-thread-1] but has failed to stop it. This is very likely to create a memory leak. Stack trace of thread:
 java.base@17.0.7/jdk.internal.misc.Unsafe.park(Native Method)
 java.base@17.0.7/java.util.concurrent.locks.LockSupport.parkNanos(LockSupport.java:252)
 java.base@17.0.7/java.util.concurrent.locks.AbstractQueuedSynchronizer$ConditionObject.awaitNanos(AbstractQueuedSynchronizer.java:1672)
 java.base@17.0.7/java.util.concurrent.ScheduledThreadPoolExecutor$DelayedWorkQueue.take(ScheduledThreadPoolExecutor.java:1182)
 java.base@17.0.7/java.util.concurrent.ScheduledThreadPoolExecutor$DelayedWorkQueue.take(ScheduledThreadPoolExecutor.java:899)
 java.base@17.0.7/java.util.concurrent.ThreadPoolExecutor.getTask(ThreadPoolExecutor.java:1062)
 java.base@17.0.7/java.util.concurrent.ThreadPoolExecutor.runWorker(ThreadPoolExecutor.java:1122)
 java.base@17.0.7/java.util.concurrent.ThreadPoolExecutor$Worker.run(ThreadPoolExecutor.java:635)
 java.base@17.0.7/java.lang.Thread.run(Thread.java:833)
2023-07-28 11:18:39,941 [WARN] org.apache.catalina.loader.WebappClassLoaderBase [RMI TCP Connection(25)-127.0.0.1] The web application [ROOT] appears to have started a thread named [cluster-ClusterId{value='64c350a8b2d92e29515a188b', description='null'}-localhost:27017] but has failed to stop it. This is very likely to create a memory leak. Stack trace of thread:
 java.base@17.0.7/sun.nio.ch.Net.poll(Native Method)
 java.base@17.0.7/sun.nio.ch.NioSocketImpl.park(NioSocketImpl.java:181)
 java.base@17.0.7/sun.nio.ch.NioSocketImpl.timedRead(NioSocketImpl.java:285)
 java.base@17.0.7/sun.nio.ch.NioSocketImpl.implRead(NioSocketImpl.java:309)
 java.base@17.0.7/sun.nio.ch.NioSocketImpl.read(NioSocketImpl.java:350)
 java.base@17.0.7/sun.nio.ch.NioSocketImpl$1.read(NioSocketImpl.java:803)
 java.base@17.0.7/java.net.Socket$SocketInputStream.read(Socket.java:966)
 app//com.mongodb.internal.connection.SocketStream.read(SocketStream.java:113)
 app//com.mongodb.internal.connection.SocketStream.read(SocketStream.java:138)
 app//com.mongodb.internal.connection.InternalStreamConnection.receiveResponseBuffers(InternalStreamConnection.java:735)
 app//com.mongodb.internal.connection.InternalStreamConnection.receiveMessageWithAdditionalTimeout(InternalStreamConnection.java:596)
 app//com.mongodb.internal.connection.InternalStreamConnection.receiveCommandMessageResponse(InternalStreamConnection.java:440)
 app//com.mongodb.internal.connection.InternalStreamConnection.receive(InternalStreamConnection.java:397)
 app//com.mongodb.internal.connection.DefaultServerMonitor$ServerMonitorRunnable.lookupServerDescription(DefaultServerMonitor.java:227)
 app//com.mongodb.internal.connection.DefaultServerMonitor$ServerMonitorRunnable.run(DefaultServerMonitor.java:159)
 java.base@17.0.7/java.lang.Thread.run(Thread.java:833)
2023-07-28 11:18:39,942 [WARN] org.apache.catalina.loader.WebappClassLoaderBase [RMI TCP Connection(25)-127.0.0.1] The web application [ROOT] appears to have started a thread named [cluster-rtt-ClusterId{value='64c350a8b2d92e29515a188b', description='null'}-localhost:27017] but has failed to stop it. This is very likely to create a memory leak. Stack trace of thread:
 java.base@17.0.7/java.lang.Thread.sleep(Native Method)
 app//com.mongodb.internal.connection.DefaultServerMonitor.waitForNext(DefaultServerMonitor.java:452)
 app//com.mongodb.internal.connection.DefaultServerMonitor.access$1500(DefaultServerMonitor.java:66)
 app//com.mongodb.internal.connection.DefaultServerMonitor$RoundTripTimeRunnable.run(DefaultServerMonitor.java:424)
 java.base@17.0.7/java.lang.Thread.run(Thread.java:833)
2023-07-28 11:18:39,943 [WARN] org.apache.catalina.loader.WebappClassLoaderBase [RMI TCP Connection(25)-127.0.0.1] The web application [ROOT] appears to have started a thread named [MaintenanceTimer-2-thread-1] but has failed to stop it. This is very likely to create a memory leak. Stack trace of thread:
 java.base@17.0.7/jdk.internal.misc.Unsafe.park(Native Method)
 java.base@17.0.7/java.util.concurrent.locks.LockSupport.parkNanos(LockSupport.java:252)
 java.base@17.0.7/java.util.concurrent.locks.AbstractQueuedSynchronizer$ConditionObject.awaitNanos(AbstractQueuedSynchronizer.java:1672)
 java.base@17.0.7/java.util.concurrent.ScheduledThreadPoolExecutor$DelayedWorkQueue.take(ScheduledThreadPoolExecutor.java:1182)
 java.base@17.0.7/java.util.concurrent.ScheduledThreadPoolExecutor$DelayedWorkQueue.take(ScheduledThreadPoolExecutor.java:899)
 java.base@17.0.7/java.util.concurrent.ThreadPoolExecutor.getTask(ThreadPoolExecutor.java:1062)
 java.base@17.0.7/java.util.concurrent.ThreadPoolExecutor.runWorker(ThreadPoolExecutor.java:1122)
 java.base@17.0.7/java.util.concurrent.ThreadPoolExecutor$Worker.run(ThreadPoolExecutor.java:635)
 java.base@17.0.7/java.lang.Thread.run(Thread.java:833)
